*************************************************
Publish Info: countries  
Publish: Antigua and Barbuda
Time: 1585704003.2813728
*************************************************
Publish Info: countries  
Publish: Argentina
Time: 1585704004.28374
*************************************************
Publish Info: countries  
Publish: Armenia
Time: 1585704005.285494
*************************************************
Publish Info: countries  
Publish: Aruba
Time: 1585704006.2870915
*************************************************
Publish Info: countries  
Publish: Belize
Time: 1585704007.2891536
*************************************************
Publish Info: countries  
Publish: Benin
Time: 1585704008.2949612
*************************************************
Publish Info: countries  
Publish: Bhutan
Time: 1585704009.297067
*************************************************
Publish Info: countries  
Publish: Bolivia
Time: 1585704010.299008
*************************************************
Publish Info: countries  
Publish: Bosnia and Herzegovina
Time: 1585704011.3011642
*************************************************
Publish Info: countries  
Publish: Botswana
Time: 1585704012.302595
*************************************************
Publish Info: countries  
Publish: Chad
Time: 1585704013.3049855
*************************************************
Publish Info: countries  
Publish: Chile
Time: 1585704014.307026
*************************************************
Publish Info: countries  
Publish: China
Time: 1585704015.3087888
*************************************************
Publish Info: countries  
Publish: Colombia
Time: 1585704016.3107326
*************************************************
Publish Info: countries  
Publish: Comoros
Time: 1585704017.3121107
*************************************************
Publish Info: animals  
Publish: Aardvark
Time: 1585704018.3151696
*************************************************
Publish Info: animals  
Publish: Abyssinian
Time: 1585704019.3176515
*************************************************
Publish Info: animals  
Publish: Adelie Penguin
Time: 1585704020.3191192
*************************************************
Publish Info: animals  
Publish: Affenpinscher
Time: 1585704021.3206716
*************************************************
Publish Info: animals  
Publish: Afghan Hound
Time: 1585704022.3218646
*************************************************
Publish Info: animals  
Publish: American Bulldog
Time: 1585704023.3229797
*************************************************
Publish Info: animals  
Publish: American Cocker Spaniel
Time: 1585704024.3260295
*************************************************
Publish Info: animals  
Publish: American Coonhound
Time: 1585704025.3271139
*************************************************
Publish Info: animals  
Publish: American Eskimo Dog
Time: 1585704026.3298776
*************************************************
Publish Info: animals  
Publish: American Foxhound
Time: 1585704027.3348963
*************************************************
Publish Info: animals  
Publish: American Pit Bull Terrier
Time: 1585704028.3370674
*************************************************
Publish Info: animals  
Publish: American Staffordshire Terrier
Time: 1585704029.339148
*************************************************
Publish Info: animals  
Publish: American Water Spaniel
Time: 1585704030.3411918
*************************************************
Publish Info: animals  
Publish: Anatolian Shepherd Dog
Time: 1585704031.3434157
*************************************************
Publish Info: animals  
Publish: Angelfish
Time: 1585704032.3449574
*************************************************
Publish Info: animals  
Publish: Ant
Time: 1585704033.3468544
*************************************************
Publish Info: animals  
Publish: Anteater
Time: 1585704034.3491125
*************************************************
Publish Info: animals  
Publish: Antelope
Time: 1585704035.351025
*************************************************
Publish Info: animals  
Publish: Appenzeller Dog
Time: 1585704036.3571098
*************************************************
Publish Info: animals  
Publish: Arctic Fox
Time: 1585704037.35803
*************************************************
Publish Info: animals  
Publish: 
Time: 1585704038.3590896
*************************************************
Publish Info: countries  
Publish: Antigua 
Time: 1585715509.9528883
*************************************************
Publish Info: countries  
Publish: Argentina
Time: 1585715510.9546444
*************************************************
Publish Info: countries  
Publish: Armenia
Time: 1585715511.9558976
*************************************************
Publish Info: countries  
Publish: Aruba
Time: 1585715512.9605286
*************************************************
Publish Info: countries  
Publish: Belize
Time: 1585715513.96313
*************************************************
Publish Info: countries  
Publish: Benin
Time: 1585715514.9658303
*************************************************
Publish Info: countries  
Publish: Bhutan
Time: 1585715515.9671314
*************************************************
Publish Info: countries  
Publish: Bolivia
Time: 1585715516.9709077
*************************************************
Publish Info: countries  
Publish: Bosnia
Time: 1585715517.9740608
*************************************************
Publish Info: countries  
Publish: Botswana
Time: 1585715518.9751563
*************************************************
Publish Info: countries  
Publish: Chad
Time: 1585715519.977631
*************************************************
Publish Info: countries  
Publish: Chile
Time: 1585715520.9799948
*************************************************
Publish Info: countries  
Publish: China
Time: 1585715521.9815207
*************************************************
Publish Info: countries  
Publish: Colombia
Time: 1585715522.9829931
*************************************************
Publish Info: countries  
Publish: Comoros
Time: 1585715523.984904
*************************************************
Publish Info: animals  
Publish: Aardvark
Time: 1585715524.9892561
*************************************************
Publish Info: animals  
Publish: Abyssinian
Time: 1585715525.9916122
*************************************************
Publish Info: animals  
Publish: Adelie Penguin
Time: 1585715526.9935002
*************************************************
Publish Info: animals  
Publish: Affenpinscher
Time: 1585715527.995209
*************************************************
Publish Info: animals  
Publish: Afghan Hound
Time: 1585715528.99833
*************************************************
Publish Info: animals  
Publish: American Bulldog
Time: 1585715530.001431
*************************************************
Publish Info: animals  
Publish: American Cocker Spaniel
Time: 1585715531.0030875
*************************************************
Publish Info: animals  
Publish: American Coonhound
Time: 1585715532.0050178
*************************************************
Publish Info: animals  
Publish: American Eskimo Dog
Time: 1585715533.0088844
*************************************************
Publish Info: animals  
Publish: American Foxhound
Time: 1585715534.0124667
*************************************************
Publish Info: animals  
Publish: American Pit Bull Terrier
Time: 1585715535.0146637
*************************************************
Publish Info: animals  
Publish: American Staffordshire Terrier
Time: 1585715536.015939
*************************************************
Publish Info: animals  
Publish: American Water Spaniel
Time: 1585715537.0174038
*************************************************
Publish Info: animals  
Publish: Anatolian Shepherd Dog
Time: 1585715538.0205204
*************************************************
Publish Info: animals  
Publish: Angelfish
Time: 1585715539.0227983
*************************************************
Publish Info: animals  
Publish: Ant
Time: 1585715540.0265875
*************************************************
Publish Info: animals  
Publish: Anteater
Time: 1585715541.0282476
*************************************************
Publish Info: animals  
Publish: Antelope
Time: 1585715542.0303805
*************************************************
Publish Info: animals  
Publish: Appenzeller Dog
Time: 1585715543.0408173
*************************************************
Publish Info: animals  
Publish: Arctic Fox
Time: 1585715544.0439982
*************************************************
Publish Info: animals  
Publish: 
Time: 1585715545.0460818
*************************************************
Publish Info: countries  
Publish: Antigua 
Time: 1585717119.8785617
*************************************************
Publish Info: countries  
Publish: Argentina
Time: 1585717120.8812904
*************************************************
Publish Info: countries  
Publish: Armenia
Time: 1585717121.8832505
*************************************************
Publish Info: countries  
Publish: Aruba
Time: 1585717122.8858285
*************************************************
Publish Info: countries  
Publish: Belize
Time: 1585717123.8885953
*************************************************
Publish Info: countries  
Publish: Benin
Time: 1585717124.8918715
*************************************************
Publish Info: countries  
Publish: Bhutan
Time: 1585717125.8934276
*************************************************
Publish Info: countries  
Publish: Bolivia
Time: 1585717126.8954537
*************************************************
Publish Info: countries  
Publish: Bosnia
Time: 1585717127.8984008
*************************************************
Publish Info: countries  
Publish: Botswana
Time: 1585717128.8992348
*************************************************
Publish Info: countries  
Publish: Chad
Time: 1585717129.9083247
*************************************************
Publish Info: countries  
Publish: Chile
Time: 1585717130.91845
*************************************************
Publish Info: countries  
Publish: China
Time: 1585717131.9222887
*************************************************
Publish Info: countries  
Publish: Colombia
Time: 1585717132.9275196
*************************************************
Publish Info: countries  
Publish: Comoros
Time: 1585717133.9303832
*************************************************
Publish Info: animals  
Publish: Aardvark
Time: 1585717134.9380882
*************************************************
Publish Info: animals  
Publish: Abyssinian
Time: 1585717135.939903
*************************************************
Publish Info: animals  
Publish: Adelie Penguin
Time: 1585717136.9437253
*************************************************
Publish Info: animals  
Publish: Affenpinscher
Time: 1585717137.948741
*************************************************
Publish Info: animals  
Publish: Afghan Hound
Time: 1585717138.952359
*************************************************
Publish Info: animals  
Publish: American Bulldog
Time: 1585717139.95415
*************************************************
Publish Info: animals  
Publish: American Cocker Spaniel
Time: 1585717140.9587991
*************************************************
Publish Info: animals  
Publish: American Coonhound
Time: 1585717141.9656167
*************************************************
Publish Info: animals  
Publish: American Eskimo Dog
Time: 1585717142.9664946
*************************************************
Publish Info: animals  
Publish: American Foxhound
Time: 1585717143.9690638
*************************************************
Publish Info: animals  
Publish: American Pit Bull Terrier
Time: 1585717144.9716856
*************************************************
Publish Info: animals  
Publish: American Staffordshire Terrier
Time: 1585717145.9737613
*************************************************
Publish Info: animals  
Publish: American Water Spaniel
Time: 1585717146.9796748
*************************************************
Publish Info: animals  
Publish: Anatolian Shepherd Dog
Time: 1585717147.9824057
*************************************************
Publish Info: animals  
Publish: Angelfish
Time: 1585717148.9898245
*************************************************
Publish Info: animals  
Publish: Ant
Time: 1585717149.9913173
*************************************************
Publish Info: animals  
Publish: Anteater
Time: 1585717150.9922743
*************************************************
Publish Info: animals  
Publish: Antelope
Time: 1585717152.0012205
*************************************************
Publish Info: animals  
Publish: Appenzeller Dog
Time: 1585717153.0039942
*************************************************
Publish Info: animals  
Publish: Arctic Fox
Time: 1585717154.0056868
*************************************************
Publish Info: animals  
Publish: 
Time: 1585717155.0070996
*************************************************
Publish Info: countries  
Publish: Antigua 
Time: 1585718404.1495056
*************************************************
Publish Info: countries  
Publish: Argentina
Time: 1585718405.1770976
*************************************************
Publish Info: countries  
Publish: Armenia
Time: 1585718406.1801538
*************************************************
Publish Info: countries  
Publish: Aruba
Time: 1585718407.1845481
*************************************************
Publish Info: countries  
Publish: Belize
Time: 1585718408.1873345
*************************************************
Publish Info: countries  
Publish: Benin
Time: 1585718409.1892686
*************************************************
Publish Info: countries  
Publish: Bhutan
Time: 1585718410.1918464
*************************************************
Publish Info: countries  
Publish: Bolivia
Time: 1585718411.1957483
*************************************************
Publish Info: countries  
Publish: Bosnia
Time: 1585718412.1974602
*************************************************
Publish Info: countries  
Publish: Botswana
Time: 1585718413.202466
*************************************************
Publish Info: countries  
Publish: Chad
Time: 1585718414.206012
*************************************************
Publish Info: countries  
Publish: Chile
Time: 1585718415.2076695
*************************************************
Publish Info: countries  
Publish: China
Time: 1585718416.2089944
*************************************************
Publish Info: countries  
Publish: Colombia
Time: 1585718417.2108316
*************************************************
Publish Info: countries  
Publish: Comoros
Time: 1585718418.21292
*************************************************
Publish Info: animals  
Publish: Aardvark
Time: 1585718419.214768
*************************************************
Publish Info: animals  
Publish: Abyssinian
Time: 1585718420.217018
*************************************************
Publish Info: animals  
Publish: Adelie Penguin
Time: 1585718421.2220833
*************************************************
Publish Info: animals  
Publish: Affenpinscher
Time: 1585718422.2243488
*************************************************
Publish Info: animals  
Publish: Afghan Hound
Time: 1585718423.2269526
*************************************************
Publish Info: animals  
Publish: American Bulldog
Time: 1585718424.230647
*************************************************
Publish Info: animals  
Publish: American Cocker Spaniel
Time: 1585718425.2324793
*************************************************
Publish Info: animals  
Publish: American Coonhound
Time: 1585718426.2366602
*************************************************
Publish Info: animals  
Publish: American Eskimo Dog
Time: 1585718427.241164
*************************************************
Publish Info: animals  
Publish: American Foxhound
Time: 1585718428.247355
*************************************************
Publish Info: animals  
Publish: American Pit Bull Terrier
Time: 1585718429.2537541
*************************************************
Publish Info: animals  
Publish: American Staffordshire Terrier
Time: 1585718430.2548153
*************************************************
Publish Info: animals  
Publish: American Water Spaniel
Time: 1585718431.256859
*************************************************
Publish Info: animals  
Publish: Anatolian Shepherd Dog
Time: 1585718432.2588234
*************************************************
Publish Info: animals  
Publish: Angelfish
Time: 1585718433.2673337
*************************************************
Publish Info: animals  
Publish: Ant
Time: 1585718434.268882
*************************************************
Publish Info: animals  
Publish: Anteater
Time: 1585718435.271027
*************************************************
Publish Info: animals  
Publish: Antelope
Time: 1585718436.273105
*************************************************
Publish Info: animals  
Publish: Appenzeller Dog
Time: 1585718437.2783248
*************************************************
Publish Info: animals  
Publish: Arctic Fox
Time: 1585718438.2813175
*************************************************
Publish Info: animals  
Publish: 
Time: 1585718439.2844653
