*************************************************
Publish Info: countries  
Publish: Antigua 
Time: 1585712708.5072181
*************************************************
Publish Info: countries  
Publish: Argentina
Time: 1585712709.5093544
*************************************************
Publish Info: countries  
Publish: Armenia
Time: 1585712710.5107832
*************************************************
Publish Info: countries  
Publish: Aruba
Time: 1585712711.5132308
*************************************************
Publish Info: countries  
Publish: Belize
Time: 1585712712.5191772
*************************************************
Publish Info: countries  
Publish: Benin
Time: 1585712713.5213826
*************************************************
Publish Info: countries  
Publish: Bhutan
Time: 1585712714.5232437
*************************************************
Publish Info: countries  
Publish: Bolivia
Time: 1585712715.5252423
*************************************************
Publish Info: countries  
Publish: Bosnia
Time: 1585712716.5290356
*************************************************
Publish Info: countries  
Publish: Botswana
Time: 1585712717.531318
*************************************************
Publish Info: countries  
Publish: Chad
Time: 1585712718.533432
*************************************************
Publish Info: countries  
Publish: Chile
Time: 1585712719.538958
*************************************************
Publish Info: countries  
Publish: China
Time: 1585712720.5422697
*************************************************
Publish Info: countries  
Publish: Colombia
Time: 1585712721.548061
*************************************************
Publish Info: countries  
Publish: Comoros
Time: 1585712722.5504346
*************************************************
Publish Info: animals  
Publish: Aardvark
Time: 1585712723.5517988
*************************************************
Publish Info: animals  
Publish: Abyssinian
Time: 1585712724.555065
*************************************************
Publish Info: animals  
Publish: Adelie Penguin
Time: 1585712725.557937
*************************************************
Publish Info: animals  
Publish: Affenpinscher
Time: 1585712726.5591164
*************************************************
Publish Info: animals  
Publish: Afghan Hound
Time: 1585712727.5615776
*************************************************
Publish Info: animals  
Publish: American Bulldog
Time: 1585712728.563708
*************************************************
Publish Info: animals  
Publish: American Cocker Spaniel
Time: 1585712729.568466
*************************************************
Publish Info: animals  
Publish: American Coonhound
Time: 1585712730.5696082
*************************************************
Publish Info: animals  
Publish: American Eskimo Dog
Time: 1585712731.5748608
*************************************************
Publish Info: animals  
Publish: American Foxhound
Time: 1585712732.5821245
*************************************************
Publish Info: animals  
Publish: American Pit Bull Terrier
Time: 1585712733.5837588
*************************************************
Publish Info: animals  
Publish: American Staffordshire Terrier
Time: 1585712734.5861583
*************************************************
Publish Info: animals  
Publish: American Water Spaniel
Time: 1585712735.588715
*************************************************
Publish Info: animals  
Publish: Anatolian Shepherd Dog
Time: 1585712736.5899684
*************************************************
Publish Info: animals  
Publish: Angelfish
Time: 1585712737.592617
*************************************************
Publish Info: animals  
Publish: Ant
Time: 1585712738.595368
*************************************************
Publish Info: animals  
Publish: Anteater
Time: 1585712739.5972817
*************************************************
Publish Info: animals  
Publish: Antelope
Time: 1585712740.5997725
*************************************************
Publish Info: animals  
Publish: Appenzeller Dog
Time: 1585712741.6033351
*************************************************
Publish Info: animals  
Publish: Arctic Fox
Time: 1585712742.6078627
*************************************************
Publish Info: animals  
Publish: 
Time: 1585712743.609552
*************************************************
Publish Info: countries  
Publish: Antigua 
Time: 1585717471.540163
*************************************************
Publish Info: countries  
Publish: Argentina
Time: 1585717472.5425026
*************************************************
Publish Info: countries  
Publish: Armenia
Time: 1585717473.5440302
*************************************************
Publish Info: countries  
Publish: Aruba
Time: 1585717474.5489755
*************************************************
Publish Info: countries  
Publish: Belize
Time: 1585717475.5497708
*************************************************
Publish Info: countries  
Publish: Benin
Time: 1585717476.5543036
*************************************************
Publish Info: countries  
Publish: Bhutan
Time: 1585717477.557971
*************************************************
Publish Info: countries  
Publish: Bolivia
Time: 1585717478.5616586
*************************************************
Publish Info: countries  
Publish: Bosnia
Time: 1585717479.5639853
*************************************************
Publish Info: countries  
Publish: Botswana
Time: 1585717480.5656059
*************************************************
Publish Info: countries  
Publish: Chad
Time: 1585717481.5711014
*************************************************
Publish Info: countries  
Publish: Chile
Time: 1585717482.5723186
*************************************************
Publish Info: countries  
Publish: China
Time: 1585717483.5766973
*************************************************
Publish Info: countries  
Publish: Colombia
Time: 1585717484.5832515
*************************************************
Publish Info: countries  
Publish: Comoros
Time: 1585717485.5847952
*************************************************
Publish Info: animals  
Publish: Aardvark
Time: 1585717486.5878913
*************************************************
Publish Info: animals  
Publish: Abyssinian
Time: 1585717487.5897741
*************************************************
Publish Info: animals  
Publish: Adelie Penguin
Time: 1585717488.5911767
*************************************************
Publish Info: animals  
Publish: Affenpinscher
Time: 1585717489.5930004
*************************************************
Publish Info: animals  
Publish: Afghan Hound
Time: 1585717490.595025
*************************************************
Publish Info: animals  
Publish: American Bulldog
Time: 1585717491.5976524
*************************************************
Publish Info: animals  
Publish: American Cocker Spaniel
Time: 1585717492.600143
*************************************************
Publish Info: animals  
Publish: American Coonhound
Time: 1585717493.6029727
*************************************************
Publish Info: animals  
Publish: American Eskimo Dog
Time: 1585717494.604405
*************************************************
Publish Info: animals  
Publish: American Foxhound
Time: 1585717495.6063933
*************************************************
Publish Info: animals  
Publish: American Pit Bull Terrier
Time: 1585717496.6111639
*************************************************
Publish Info: animals  
Publish: American Staffordshire Terrier
Time: 1585717497.6127222
*************************************************
Publish Info: animals  
Publish: American Water Spaniel
Time: 1585717498.614714
*************************************************
Publish Info: animals  
Publish: Anatolian Shepherd Dog
Time: 1585717499.6171114
*************************************************
Publish Info: animals  
Publish: Angelfish
Time: 1585717500.6190615
*************************************************
Publish Info: animals  
Publish: Ant
Time: 1585717501.6211488
*************************************************
Publish Info: animals  
Publish: Anteater
Time: 1585717502.6228063
*************************************************
Publish Info: animals  
Publish: Antelope
Time: 1585717503.6263375
*************************************************
Publish Info: animals  
Publish: Appenzeller Dog
Time: 1585717504.6280978
*************************************************
Publish Info: animals  
Publish: Arctic Fox
Time: 1585717505.6300855
*************************************************
Publish Info: animals  
Publish: 
Time: 1585717506.632746
