*************************************************
Publish Info: countries  
Publish: Antigua and Barbuda
Time: 1585704454.4727771
*************************************************
Publish Info: countries  
Publish: Argentina
Time: 1585704473.5075135
*************************************************
Publish Info: countries  
Publish: Armenia
Time: 1585704474.509451
*************************************************
Publish Info: countries  
Publish: Aruba
Time: 1585704475.5111523
*************************************************
Publish Info: countries  
Publish: Belize
Time: 1585704476.5129833
*************************************************
Publish Info: countries  
Publish: Benin
Time: 1585704477.5149066
*************************************************
Publish Info: countries  
Publish: Bhutan
Time: 1585704478.5173998
*************************************************
Publish Info: countries  
Publish: Bolivia
Time: 1585704479.519943
*************************************************
Publish Info: countries  
Publish: Bosnia and Herzegovina
Time: 1585704480.5218384
*************************************************
Publish Info: countries  
Publish: Botswana
Time: 1585704481.5272264
*************************************************
Publish Info: countries  
Publish: Chad
Time: 1585704482.52968
*************************************************
Publish Info: countries  
Publish: Chile
Time: 1585704483.5309894
*************************************************
Publish Info: countries  
Publish: China
Time: 1585704484.5326803
*************************************************
Publish Info: countries  
Publish: Colombia
Time: 1585704485.5335577
*************************************************
Publish Info: countries  
Publish: Comoros
Time: 1585704486.5349758
*************************************************
Publish Info: animals  
Publish: Aardvark
Time: 1585704487.5371416
*************************************************
Publish Info: animals  
Publish: Abyssinian
Time: 1585704488.540361
*************************************************
Publish Info: animals  
Publish: Adelie Penguin
Time: 1585704489.5430858
*************************************************
Publish Info: animals  
Publish: Affenpinscher
Time: 1585704490.545418
*************************************************
Publish Info: animals  
Publish: Afghan Hound
Time: 1585704491.5484474
*************************************************
Publish Info: animals  
Publish: American Bulldog
Time: 1585704492.5515943
*************************************************
Publish Info: animals  
Publish: American Cocker Spaniel
Time: 1585704493.5565417
*************************************************
Publish Info: animals  
Publish: American Coonhound
Time: 1585704494.5615916
*************************************************
Publish Info: animals  
Publish: American Eskimo Dog
Time: 1585704495.5655124
*************************************************
Publish Info: animals  
Publish: American Foxhound
Time: 1585704496.5683725
*************************************************
Publish Info: animals  
Publish: American Pit Bull Terrier
Time: 1585704497.5709426
*************************************************
Publish Info: animals  
Publish: American Staffordshire Terrier
Time: 1585704498.5783386
*************************************************
Publish Info: animals  
Publish: American Water Spaniel
Time: 1585704499.5810866
*************************************************
Publish Info: animals  
Publish: Anatolian Shepherd Dog
Time: 1585704500.5909848
*************************************************
Publish Info: animals  
Publish: Angelfish
Time: 1585704501.5969338
*************************************************
Publish Info: animals  
Publish: Ant
Time: 1585704502.59964
*************************************************
Publish Info: animals  
Publish: Anteater
Time: 1585704503.601952
*************************************************
Publish Info: animals  
Publish: Antelope
Time: 1585704504.604501
*************************************************
Publish Info: animals  
Publish: Appenzeller Dog
Time: 1585704505.6076162
*************************************************
Publish Info: animals  
Publish: Arctic Fox
Time: 1585704506.613345
*************************************************
Publish Info: animals  
Publish: 
Time: 1585704507.618954
