*************************************************
Publish Info: countries  
Publish: Antigua 
Time: 1585712687.8394163
*************************************************
Publish Info: countries  
Publish: Argentina
Time: 1585712709.8753664
*************************************************
Publish Info: countries  
Publish: Armenia
Time: 1585712710.8784208
*************************************************
Publish Info: countries  
Publish: Aruba
Time: 1585712711.8838358
*************************************************
Publish Info: countries  
Publish: Belize
Time: 1585712712.8857644
*************************************************
Publish Info: countries  
Publish: Benin
Time: 1585712713.8892152
*************************************************
Publish Info: countries  
Publish: Bhutan
Time: 1585712714.8910017
*************************************************
Publish Info: countries  
Publish: Bolivia
Time: 1585712715.8925679
*************************************************
Publish Info: countries  
Publish: Bosnia
Time: 1585712716.8944273
*************************************************
Publish Info: countries  
Publish: Botswana
Time: 1585712717.8991354
*************************************************
Publish Info: countries  
Publish: Chad
Time: 1585712718.9008934
*************************************************
Publish Info: countries  
Publish: Chile
Time: 1585712719.9057531
*************************************************
Publish Info: countries  
Publish: China
Time: 1585712720.9092972
*************************************************
Publish Info: countries  
Publish: Colombia
Time: 1585712721.914189
*************************************************
Publish Info: countries  
Publish: Comoros
Time: 1585712722.918307
*************************************************
Publish Info: animals  
Publish: Aardvark
Time: 1585712723.9204106
*************************************************
Publish Info: animals  
Publish: Abyssinian
Time: 1585712724.9215176
*************************************************
Publish Info: animals  
Publish: Adelie Penguin
Time: 1585712725.9230177
*************************************************
Publish Info: animals  
Publish: Affenpinscher
Time: 1585712726.924228
*************************************************
Publish Info: animals  
Publish: Afghan Hound
Time: 1585712727.9665217
*************************************************
Publish Info: animals  
Publish: American Bulldog
Time: 1585712728.969085
*************************************************
Publish Info: animals  
Publish: American Cocker Spaniel
Time: 1585712729.9749677
*************************************************
Publish Info: animals  
Publish: American Coonhound
Time: 1585712730.976224
*************************************************
Publish Info: animals  
Publish: American Eskimo Dog
Time: 1585712731.9781544
*************************************************
Publish Info: animals  
Publish: American Foxhound
Time: 1585712732.982093
*************************************************
Publish Info: animals  
Publish: American Pit Bull Terrier
Time: 1585712733.984135
*************************************************
Publish Info: animals  
Publish: American Staffordshire Terrier
Time: 1585712734.986708
*************************************************
Publish Info: animals  
Publish: American Water Spaniel
Time: 1585712735.989216
*************************************************
Publish Info: animals  
Publish: Anatolian Shepherd Dog
Time: 1585712736.9913876
*************************************************
Publish Info: animals  
Publish: Angelfish
Time: 1585712737.9936433
*************************************************
Publish Info: animals  
Publish: Ant
Time: 1585712738.9958842
*************************************************
Publish Info: animals  
Publish: Anteater
Time: 1585712739.9985838
*************************************************
Publish Info: animals  
Publish: Antelope
Time: 1585712740.9999597
*************************************************
Publish Info: animals  
Publish: Appenzeller Dog
Time: 1585712742.0024202
*************************************************
Publish Info: animals  
Publish: Arctic Fox
Time: 1585712743.004618
*************************************************
Publish Info: animals  
Publish: 
Time: 1585712744.0154674
*************************************************
Publish Info: countries  
Publish: Antigua 
Time: 1585717098.1547933
*************************************************
Publish Info: countries  
Publish: Argentina
Time: 1585717120.878141
*************************************************
Publish Info: countries  
Publish: Armenia
Time: 1585717121.883113
*************************************************
Publish Info: countries  
Publish: Aruba
Time: 1585717122.885973
*************************************************
Publish Info: countries  
Publish: Belize
Time: 1585717123.8884475
*************************************************
Publish Info: countries  
Publish: Benin
Time: 1585717124.8919606
*************************************************
Publish Info: countries  
Publish: Bhutan
Time: 1585717125.8929863
*************************************************
Publish Info: countries  
Publish: Bolivia
Time: 1585717126.8949807
*************************************************
Publish Info: countries  
Publish: Bosnia
Time: 1585717127.8976777
*************************************************
Publish Info: countries  
Publish: Botswana
Time: 1585717128.900066
*************************************************
Publish Info: countries  
Publish: Chad
Time: 1585717129.9083285
*************************************************
Publish Info: countries  
Publish: Chile
Time: 1585717130.9186049
*************************************************
Publish Info: countries  
Publish: China
Time: 1585717131.9223616
*************************************************
Publish Info: countries  
Publish: Colombia
Time: 1585717132.927327
*************************************************
Publish Info: countries  
Publish: Comoros
Time: 1585717133.9286351
*************************************************
Publish Info: animals  
Publish: Aardvark
Time: 1585717134.9304125
*************************************************
Publish Info: animals  
Publish: Abyssinian
Time: 1585717135.9385774
*************************************************
Publish Info: animals  
Publish: Adelie Penguin
Time: 1585717136.9435253
*************************************************
Publish Info: animals  
Publish: Affenpinscher
Time: 1585717137.9489362
*************************************************
Publish Info: animals  
Publish: Afghan Hound
Time: 1585717138.9512873
*************************************************
Publish Info: animals  
Publish: American Bulldog
Time: 1585717139.953935
*************************************************
Publish Info: animals  
Publish: American Cocker Spaniel
Time: 1585717140.959001
*************************************************
Publish Info: animals  
Publish: American Coonhound
Time: 1585717141.9646466
*************************************************
Publish Info: animals  
Publish: American Eskimo Dog
Time: 1585717142.9662895
*************************************************
Publish Info: animals  
Publish: American Foxhound
Time: 1585717143.9697604
*************************************************
Publish Info: animals  
Publish: American Pit Bull Terrier
Time: 1585717144.9708245
*************************************************
Publish Info: animals  
Publish: American Staffordshire Terrier
Time: 1585717145.9735513
*************************************************
Publish Info: animals  
Publish: American Water Spaniel
Time: 1585717146.9826097
*************************************************
Publish Info: animals  
Publish: Anatolian Shepherd Dog
Time: 1585717147.9841905
*************************************************
Publish Info: animals  
Publish: Angelfish
Time: 1585717148.988797
*************************************************
Publish Info: animals  
Publish: Ant
Time: 1585717149.990147
*************************************************
Publish Info: animals  
Publish: Anteater
Time: 1585717150.9922473
*************************************************
Publish Info: animals  
Publish: Antelope
Time: 1585717151.9986837
*************************************************
Publish Info: animals  
Publish: Appenzeller Dog
Time: 1585717153.0009615
*************************************************
Publish Info: animals  
Publish: Arctic Fox
Time: 1585717154.0024743
*************************************************
Publish Info: animals  
Publish: 
Time: 1585717155.0053973
*************************************************
Publish Info: countries  
Publish: Antigua 
Time: 1585718332.2372575
*************************************************
Publish Info: countries  
Publish: Argentina
Time: 1585718405.5989852
*************************************************
Publish Info: countries  
Publish: Armenia
Time: 1585718406.6041894
*************************************************
Publish Info: countries  
Publish: Aruba
Time: 1585718407.6062639
*************************************************
Publish Info: countries  
Publish: Belize
Time: 1585718408.6087234
*************************************************
Publish Info: countries  
Publish: Benin
Time: 1585718409.6107843
*************************************************
Publish Info: countries  
Publish: Bhutan
Time: 1585718410.6132176
*************************************************
Publish Info: countries  
Publish: Bolivia
Time: 1585718411.6153297
*************************************************
Publish Info: countries  
Publish: Bosnia
Time: 1585718412.6190197
*************************************************
Publish Info: countries  
Publish: Botswana
Time: 1585718413.6288111
*************************************************
Publish Info: countries  
Publish: Chad
Time: 1585718414.6325214
*************************************************
Publish Info: countries  
Publish: Chile
Time: 1585718415.6373143
*************************************************
Publish Info: countries  
Publish: China
Time: 1585718416.6399353
*************************************************
Publish Info: countries  
Publish: Colombia
Time: 1585718417.643916
*************************************************
Publish Info: countries  
Publish: Comoros
Time: 1585718418.6459644
*************************************************
Publish Info: animals  
Publish: Aardvark
Time: 1585718419.6478884
*************************************************
Publish Info: animals  
Publish: Abyssinian
Time: 1585718420.6499097
*************************************************
Publish Info: animals  
Publish: Adelie Penguin
Time: 1585718421.6521003
*************************************************
Publish Info: animals  
Publish: Affenpinscher
Time: 1585718422.6552136
*************************************************
Publish Info: animals  
Publish: Afghan Hound
Time: 1585718423.658386
*************************************************
Publish Info: animals  
Publish: American Bulldog
Time: 1585718424.6608818
*************************************************
Publish Info: animals  
Publish: American Cocker Spaniel
Time: 1585718425.6628144
*************************************************
Publish Info: animals  
Publish: American Coonhound
Time: 1585718426.6649232
*************************************************
Publish Info: animals  
Publish: American Eskimo Dog
Time: 1585718427.6674714
*************************************************
Publish Info: animals  
Publish: American Foxhound
Time: 1585718428.671571
*************************************************
Publish Info: animals  
Publish: American Pit Bull Terrier
Time: 1585718429.6730905
*************************************************
Publish Info: animals  
Publish: American Staffordshire Terrier
Time: 1585718430.675446
*************************************************
Publish Info: animals  
Publish: American Water Spaniel
Time: 1585718431.6782417
*************************************************
Publish Info: animals  
Publish: Anatolian Shepherd Dog
Time: 1585718432.6795473
*************************************************
Publish Info: animals  
Publish: Angelfish
Time: 1585718433.6815557
*************************************************
Publish Info: animals  
Publish: Ant
Time: 1585718434.6831849
*************************************************
Publish Info: animals  
Publish: Anteater
Time: 1585718435.6855962
*************************************************
Publish Info: animals  
Publish: Antelope
Time: 1585718436.6874769
*************************************************
Publish Info: animals  
Publish: Appenzeller Dog
Time: 1585718437.689679
*************************************************
Publish Info: animals  
Publish: Arctic Fox
Time: 1585718438.6924272
*************************************************
Publish Info: animals  
Publish: 
Time: 1585718439.694647
