*************************************************
Publish Info: countries  
Publish: Antigua and Barbuda
Time: 1585703844.7715368
*************************************************
Publish Info: countries  
Publish: Argentina
Time: 1585703845.7732234
*************************************************
Publish Info: countries  
Publish: Armenia
Time: 1585703846.7744167
*************************************************
Publish Info: countries  
Publish: Aruba
Time: 1585703847.775777
*************************************************
Publish Info: countries  
Publish: Belize
Time: 1585703848.780394
*************************************************
Publish Info: countries  
Publish: Benin
Time: 1585703849.7823944
*************************************************
Publish Info: countries  
Publish: Bhutan
Time: 1585703850.7835162
*************************************************
Publish Info: countries  
Publish: Bolivia
Time: 1585703851.7850296
*************************************************
Publish Info: countries  
Publish: Bosnia and Herzegovina
Time: 1585703852.7860463
*************************************************
Publish Info: countries  
Publish: Botswana
Time: 1585703853.7910764
*************************************************
Publish Info: countries  
Publish: Chad
Time: 1585703854.7931159
*************************************************
Publish Info: countries  
Publish: Chile
Time: 1585703855.793967
*************************************************
Publish Info: countries  
Publish: China
Time: 1585703856.7956462
*************************************************
Publish Info: countries  
Publish: Colombia
Time: 1585703857.7972264
*************************************************
Publish Info: countries  
Publish: Comoros
Time: 1585703858.7988565
*************************************************
Publish Info: animals  
Publish: Aardvark
Time: 1585703859.7998848
*************************************************
Publish Info: animals  
Publish: Abyssinian
Time: 1585703860.8064065
*************************************************
Publish Info: animals  
Publish: Adelie Penguin
Time: 1585703861.8079734
*************************************************
Publish Info: animals  
Publish: Affenpinscher
Time: 1585703862.8087237
*************************************************
Publish Info: animals  
Publish: Afghan Hound
Time: 1585703863.8110802
*************************************************
Publish Info: animals  
Publish: American Bulldog
Time: 1585703864.8127255
*************************************************
Publish Info: animals  
Publish: American Cocker Spaniel
Time: 1585703865.8148236
*************************************************
Publish Info: animals  
Publish: American Coonhound
Time: 1585703866.815883
*************************************************
Publish Info: animals  
Publish: American Eskimo Dog
Time: 1585703867.8189347
*************************************************
Publish Info: animals  
Publish: American Foxhound
Time: 1585703868.8229063
*************************************************
Publish Info: animals  
Publish: American Pit Bull Terrier
Time: 1585703869.8312721
*************************************************
Publish Info: animals  
Publish: American Staffordshire Terrier
Time: 1585703870.8333511
*************************************************
Publish Info: animals  
Publish: American Water Spaniel
Time: 1585703871.8512208
*************************************************
Publish Info: animals  
Publish: Anatolian Shepherd Dog
Time: 1585703872.8553662
*************************************************
Publish Info: animals  
Publish: Angelfish
Time: 1585703873.8579013
*************************************************
Publish Info: animals  
Publish: Ant
Time: 1585703874.8665278
*************************************************
Publish Info: animals  
Publish: Anteater
Time: 1585703875.871138
*************************************************
Publish Info: animals  
Publish: Antelope
Time: 1585703876.874087
*************************************************
Publish Info: animals  
Publish: Appenzeller Dog
Time: 1585703877.883392
*************************************************
Publish Info: animals  
Publish: Arctic Fox
Time: 1585703878.8912404
*************************************************
Publish Info: animals  
Publish: 
Time: 1585703879.8939385
*************************************************
Publish Info: countries  
Publish: Antigua 
Time: 1585715208.901363
*************************************************
Publish Info: countries  
Publish: Argentina
Time: 1585715281.1130548
*************************************************
Publish Info: countries  
Publish: Armenia
Time: 1585715282.1191428
*************************************************
Publish Info: countries  
Publish: Aruba
Time: 1585715283.1215532
*************************************************
Publish Info: countries  
Publish: Belize
Time: 1585715284.1230538
*************************************************
Publish Info: countries  
Publish: Benin
Time: 1585715285.1252933
*************************************************
Publish Info: countries  
Publish: Bhutan
Time: 1585715286.1276057
*************************************************
Publish Info: countries  
Publish: Bolivia
Time: 1585715287.1301594
*************************************************
Publish Info: countries  
Publish: Bosnia
Time: 1585715288.1327403
*************************************************
Publish Info: countries  
Publish: Botswana
Time: 1585715289.1350133
*************************************************
Publish Info: countries  
Publish: Chad
Time: 1585715290.1379397
*************************************************
Publish Info: countries  
Publish: Chile
Time: 1585715291.143248
*************************************************
Publish Info: countries  
Publish: China
Time: 1585715292.1454964
*************************************************
Publish Info: countries  
Publish: Colombia
Time: 1585715293.1482313
*************************************************
Publish Info: countries  
Publish: Comoros
Time: 1585715294.1514978
*************************************************
Publish Info: animals  
Publish: Aardvark
Time: 1585715295.1538055
*************************************************
Publish Info: animals  
Publish: Abyssinian
Time: 1585715296.156216
*************************************************
Publish Info: animals  
Publish: Adelie Penguin
Time: 1585715297.1587176
*************************************************
Publish Info: animals  
Publish: Affenpinscher
Time: 1585715298.160279
*************************************************
Publish Info: animals  
Publish: Afghan Hound
Time: 1585715299.1627953
*************************************************
Publish Info: animals  
Publish: American Bulldog
Time: 1585715300.1651077
*************************************************
Publish Info: animals  
Publish: American Cocker Spaniel
Time: 1585715301.167331
*************************************************
Publish Info: animals  
Publish: American Coonhound
Time: 1585715302.1690524
*************************************************
Publish Info: animals  
Publish: American Eskimo Dog
Time: 1585715303.170393
*************************************************
Publish Info: animals  
Publish: American Foxhound
Time: 1585715304.1716428
*************************************************
Publish Info: animals  
Publish: American Pit Bull Terrier
Time: 1585715305.174821
*************************************************
Publish Info: animals  
Publish: American Staffordshire Terrier
Time: 1585715306.176575
*************************************************
Publish Info: animals  
Publish: American Water Spaniel
Time: 1585715307.1788657
*************************************************
Publish Info: animals  
Publish: Anatolian Shepherd Dog
Time: 1585715308.1810524
*************************************************
Publish Info: animals  
Publish: Angelfish
Time: 1585715309.187264
*************************************************
Publish Info: animals  
Publish: Ant
Time: 1585715310.1907701
*************************************************
Publish Info: animals  
Publish: Anteater
Time: 1585715311.1919725
*************************************************
Publish Info: animals  
Publish: Antelope
Time: 1585715312.1933398
*************************************************
Publish Info: animals  
Publish: Appenzeller Dog
Time: 1585715313.1950717
*************************************************
Publish Info: animals  
Publish: Arctic Fox
Time: 1585715314.1976743
*************************************************
Publish Info: animals  
Publish: 
Time: 1585715315.2012742
