*************************************************
Publish Info: countries  
Publish: Antigua 
Time: 1585715486.968586
*************************************************
Publish Info: countries  
Publish: Argentina
Time: 1585715510.4265878
*************************************************
Publish Info: countries  
Publish: Armenia
Time: 1585715511.429028
*************************************************
Publish Info: countries  
Publish: Aruba
Time: 1585715512.4327223
*************************************************
Publish Info: countries  
Publish: Belize
Time: 1585715513.4340086
*************************************************
Publish Info: countries  
Publish: Benin
Time: 1585715514.4361484
*************************************************
Publish Info: countries  
Publish: Bhutan
Time: 1585715515.4382098
*************************************************
Publish Info: countries  
Publish: Bolivia
Time: 1585715516.4403207
*************************************************
Publish Info: countries  
Publish: Bosnia
Time: 1585715517.4440465
*************************************************
Publish Info: countries  
Publish: Botswana
Time: 1585715518.4458928
*************************************************
Publish Info: countries  
Publish: Chad
Time: 1585715519.4482806
*************************************************
Publish Info: countries  
Publish: Chile
Time: 1585715520.4508827
*************************************************
Publish Info: countries  
Publish: China
Time: 1585715521.4529467
*************************************************
Publish Info: countries  
Publish: Colombia
Time: 1585715522.455035
*************************************************
Publish Info: countries  
Publish: Comoros
Time: 1585715523.4563384
*************************************************
Publish Info: animals  
Publish: Aardvark
Time: 1585715524.4588213
*************************************************
Publish Info: animals  
Publish: Abyssinian
Time: 1585715525.462977
*************************************************
Publish Info: animals  
Publish: Adelie Penguin
Time: 1585715526.4682474
*************************************************
Publish Info: animals  
Publish: Affenpinscher
Time: 1585715527.473239
*************************************************
Publish Info: animals  
Publish: Afghan Hound
Time: 1585715528.4754093
*************************************************
Publish Info: animals  
Publish: American Bulldog
Time: 1585715529.4807892
*************************************************
Publish Info: animals  
Publish: American Cocker Spaniel
Time: 1585715530.4836578
*************************************************
Publish Info: animals  
Publish: American Coonhound
Time: 1585715531.4876869
*************************************************
Publish Info: animals  
Publish: American Eskimo Dog
Time: 1585715532.4895484
*************************************************
Publish Info: animals  
Publish: American Foxhound
Time: 1585715533.491916
*************************************************
Publish Info: animals  
Publish: American Pit Bull Terrier
Time: 1585715534.4937937
*************************************************
Publish Info: animals  
Publish: American Staffordshire Terrier
Time: 1585715535.497562
*************************************************
Publish Info: animals  
Publish: American Water Spaniel
Time: 1585715536.4991574
*************************************************
Publish Info: animals  
Publish: Anatolian Shepherd Dog
Time: 1585715537.5018718
*************************************************
Publish Info: animals  
Publish: Angelfish
Time: 1585715538.5034442
*************************************************
Publish Info: animals  
Publish: Ant
Time: 1585715539.5056937
*************************************************
Publish Info: animals  
Publish: Anteater
Time: 1585715540.5107787
*************************************************
Publish Info: animals  
Publish: Antelope
Time: 1585715541.5127163
*************************************************
Publish Info: animals  
Publish: Appenzeller Dog
Time: 1585715542.5142438
*************************************************
Publish Info: animals  
Publish: Arctic Fox
Time: 1585715543.5152373
*************************************************
Publish Info: animals  
Publish: 
Time: 1585715544.5164435
