*************************************************
Publish Info: countries  
Publish: Antigua 
Time: 1585706090.8446972
*************************************************
Publish Info: countries  
Publish: Argentina
Time: 1585706107.1695673
*************************************************
Publish Info: countries  
Publish: Armenia
Time: 1585706108.1712937
*************************************************
Publish Info: countries  
Publish: Aruba
Time: 1585706109.1771274
*************************************************
Publish Info: countries  
Publish: Belize
Time: 1585706110.1809635
*************************************************
Publish Info: countries  
Publish: Benin
Time: 1585706111.182391
*************************************************
Publish Info: countries  
Publish: Bhutan
Time: 1585706112.184487
*************************************************
Publish Info: countries  
Publish: Bolivia
Time: 1585706113.1865911
*************************************************
Publish Info: countries  
Publish: Bosnia
Time: 1585706114.1910384
*************************************************
Publish Info: countries  
Publish: Botswana
Time: 1585706115.1929283
*************************************************
Publish Info: countries  
Publish: Chad
Time: 1585706116.1957464
*************************************************
Publish Info: countries  
Publish: Chile
Time: 1585706117.2000456
*************************************************
Publish Info: countries  
Publish: China
Time: 1585706118.202625
*************************************************
Publish Info: countries  
Publish: Colombia
Time: 1585706119.2052946
*************************************************
Publish Info: countries  
Publish: Comoros
Time: 1585706120.2071338
*************************************************
Publish Info: animals  
Publish: Aardvark
Time: 1585706121.2102587
*************************************************
Publish Info: animals  
Publish: Abyssinian
Time: 1585706122.2122579
*************************************************
Publish Info: animals  
Publish: Adelie Penguin
Time: 1585706123.2136617
*************************************************
Publish Info: animals  
Publish: Affenpinscher
Time: 1585706124.2164688
*************************************************
Publish Info: animals  
Publish: Afghan Hound
Time: 1585706125.2196527
*************************************************
Publish Info: animals  
Publish: American Bulldog
Time: 1585706126.2215128
*************************************************
Publish Info: animals  
Publish: American Cocker Spaniel
Time: 1585706127.2246432
*************************************************
Publish Info: animals  
Publish: American Coonhound
Time: 1585706128.227011
*************************************************
Publish Info: animals  
Publish: American Eskimo Dog
Time: 1585706129.2288175
*************************************************
Publish Info: animals  
Publish: American Foxhound
Time: 1585706130.231836
*************************************************
Publish Info: animals  
Publish: American Pit Bull Terrier
Time: 1585706131.2354093
*************************************************
Publish Info: animals  
Publish: American Staffordshire Terrier
Time: 1585706132.2439563
*************************************************
Publish Info: animals  
Publish: American Water Spaniel
Time: 1585706133.2481287
*************************************************
Publish Info: animals  
Publish: Anatolian Shepherd Dog
Time: 1585706134.2526088
*************************************************
Publish Info: animals  
Publish: Angelfish
Time: 1585706135.2550404
*************************************************
Publish Info: animals  
Publish: Ant
Time: 1585706136.2578475
*************************************************
Publish Info: animals  
Publish: Anteater
Time: 1585706137.2620323
*************************************************
Publish Info: animals  
Publish: Antelope
Time: 1585706138.267311
*************************************************
Publish Info: animals  
Publish: Appenzeller Dog
Time: 1585706139.2694204
*************************************************
Publish Info: animals  
Publish: Arctic Fox
Time: 1585706140.2724175
*************************************************
Publish Info: animals  
Publish: 
Time: 1585706141.2774277
