*************************************************
Publish Info: countries  
Publish: Antigua and Barbuda
Time: 1585703637.325118
*************************************************
Publish Info: countries  
Publish: Argentina
Time: 1585703638.3292336
*************************************************
Publish Info: countries  
Publish: Armenia
Time: 1585703639.3385062
*************************************************
Publish Info: countries  
Publish: Aruba
Time: 1585703640.3396149
*************************************************
Publish Info: countries  
Publish: Belize
Time: 1585703641.3426468
*************************************************
Publish Info: countries  
Publish: Benin
Time: 1585703642.3441217
*************************************************
Publish Info: countries  
Publish: Bhutan
Time: 1585703643.346262
*************************************************
Publish Info: countries  
Publish: Bolivia
Time: 1585703644.349084
*************************************************
Publish Info: countries  
Publish: Bosnia and Herzegovina
Time: 1585703645.3509877
*************************************************
Publish Info: countries  
Publish: Botswana
Time: 1585703646.353721
*************************************************
Publish Info: countries  
Publish: Chad
Time: 1585703647.3547785
*************************************************
Publish Info: countries  
Publish: Chile
Time: 1585703648.356156
*************************************************
Publish Info: countries  
Publish: China
Time: 1585703649.3574421
*************************************************
Publish Info: countries  
Publish: Colombia
Time: 1585703650.358993
*************************************************
Publish Info: countries  
Publish: Comoros
Time: 1585703651.3600445
*************************************************
Publish Info: animals  
Publish: Aardvark
Time: 1585703652.3614256
*************************************************
Publish Info: animals  
Publish: Abyssinian
Time: 1585703653.3642287
*************************************************
Publish Info: animals  
Publish: Adelie Penguin
Time: 1585703654.3660452
*************************************************
Publish Info: animals  
Publish: Affenpinscher
Time: 1585703655.3684006
*************************************************
Publish Info: animals  
Publish: Afghan Hound
Time: 1585703656.3706417
*************************************************
Publish Info: animals  
Publish: American Bulldog
Time: 1585703657.3728213
*************************************************
Publish Info: animals  
Publish: American Cocker Spaniel
Time: 1585703658.3747072
*************************************************
Publish Info: animals  
Publish: American Coonhound
Time: 1585703659.376619
*************************************************
Publish Info: animals  
Publish: American Eskimo Dog
Time: 1585703660.3780484
*************************************************
Publish Info: animals  
Publish: American Foxhound
Time: 1585703661.380775
*************************************************
Publish Info: animals  
Publish: American Pit Bull Terrier
Time: 1585703662.3834467
*************************************************
Publish Info: animals  
Publish: American Staffordshire Terrier
Time: 1585703663.3845353
*************************************************
Publish Info: animals  
Publish: American Water Spaniel
Time: 1585703664.3857505
*************************************************
Publish Info: animals  
Publish: Anatolian Shepherd Dog
Time: 1585703665.3871903
*************************************************
Publish Info: animals  
Publish: Angelfish
Time: 1585703666.3893168
*************************************************
Publish Info: animals  
Publish: Ant
Time: 1585703667.3912094
*************************************************
Publish Info: animals  
Publish: Anteater
Time: 1585703668.3927338
*************************************************
Publish Info: animals  
Publish: Antelope
Time: 1585703669.3942373
*************************************************
Publish Info: animals  
Publish: Appenzeller Dog
Time: 1585703670.397434
*************************************************
Publish Info: animals  
Publish: Arctic Fox
Time: 1585703671.401718
*************************************************
Publish Info: animals  
Publish: 
Time: 1585703672.4030519
*************************************************
Publish Info: countries  
Publish: Antigua 
Time: 1585710621.3918884
*************************************************
Publish Info: countries  
Publish: Argentina
Time: 1585710640.4264886
*************************************************
Publish Info: countries  
Publish: Armenia
Time: 1585710641.4346035
*************************************************
Publish Info: countries  
Publish: Aruba
Time: 1585710642.4373262
*************************************************
Publish Info: countries  
Publish: Belize
Time: 1585710643.4416564
*************************************************
Publish Info: countries  
Publish: Benin
Time: 1585710644.4437382
*************************************************
Publish Info: countries  
Publish: Bhutan
Time: 1585710645.4460042
*************************************************
Publish Info: countries  
Publish: Bolivia
Time: 1585710646.4488635
*************************************************
Publish Info: countries  
Publish: Bosnia
Time: 1585710647.456797
*************************************************
Publish Info: countries  
Publish: Botswana
Time: 1585710648.4590778
*************************************************
Publish Info: countries  
Publish: Chad
Time: 1585710649.4627752
*************************************************
Publish Info: countries  
Publish: Chile
Time: 1585710650.4649372
*************************************************
Publish Info: countries  
Publish: China
Time: 1585710651.4670038
*************************************************
Publish Info: countries  
Publish: Colombia
Time: 1585710652.4686432
*************************************************
Publish Info: countries  
Publish: Comoros
Time: 1585710653.4698358
*************************************************
Publish Info: animals  
Publish: Aardvark
Time: 1585710654.4721878
*************************************************
Publish Info: animals  
Publish: Abyssinian
Time: 1585710655.4742928
*************************************************
Publish Info: animals  
Publish: Adelie Penguin
Time: 1585710656.4759007
*************************************************
Publish Info: animals  
Publish: Affenpinscher
Time: 1585710657.4782743
*************************************************
Publish Info: animals  
Publish: Afghan Hound
Time: 1585710658.48078
*************************************************
Publish Info: animals  
Publish: American Bulldog
Time: 1585710659.4829717
*************************************************
Publish Info: animals  
Publish: American Cocker Spaniel
Time: 1585710660.4868736
*************************************************
Publish Info: animals  
Publish: American Coonhound
Time: 1585710661.4895136
*************************************************
Publish Info: animals  
Publish: American Eskimo Dog
Time: 1585710662.492213
*************************************************
Publish Info: animals  
Publish: American Foxhound
Time: 1585710663.4946785
*************************************************
Publish Info: animals  
Publish: American Pit Bull Terrier
Time: 1585710664.4974177
*************************************************
Publish Info: animals  
Publish: American Staffordshire Terrier
Time: 1585710665.4990559
*************************************************
Publish Info: animals  
Publish: American Water Spaniel
Time: 1585710666.5013008
*************************************************
Publish Info: animals  
Publish: Anatolian Shepherd Dog
Time: 1585710667.504728
*************************************************
Publish Info: animals  
Publish: Angelfish
Time: 1585710668.5061264
*************************************************
Publish Info: animals  
Publish: Ant
Time: 1585710669.5087368
*************************************************
Publish Info: animals  
Publish: Anteater
Time: 1585710670.510908
*************************************************
Publish Info: animals  
Publish: Antelope
Time: 1585710671.514979
*************************************************
Publish Info: animals  
Publish: Appenzeller Dog
Time: 1585710672.51749
*************************************************
Publish Info: animals  
Publish: Arctic Fox
Time: 1585710673.520621
*************************************************
Publish Info: animals  
Publish: 
Time: 1585710674.5227141
*************************************************
Publish Info: countries  
Publish: Antigua 
Time: 1586134986.2772803
*************************************************
Publish Info: countries  
Publish: Argentina
Time: 1586134997.351902
*************************************************
Publish Info: countries  
Publish: Armenia
Time: 1586134998.3524473
*************************************************
Publish Info: countries  
Publish: Aruba
Time: 1586134999.35462
*************************************************
Publish Info: countries  
Publish: Belize
Time: 1586135000.3562014
*************************************************
Publish Info: countries  
Publish: Benin
Time: 1586135001.3584783
*************************************************
Publish Info: countries  
Publish: Bhutan
Time: 1586135002.361654
*************************************************
Publish Info: countries  
Publish: Bolivia
Time: 1586135003.364
*************************************************
Publish Info: countries  
Publish: Bosnia
Time: 1586135004.3653667
*************************************************
Publish Info: countries  
Publish: Botswana
Time: 1586135005.3667748
*************************************************
Publish Info: countries  
Publish: Chad
Time: 1586135006.3682246
*************************************************
Publish Info: countries  
Publish: Chile
Time: 1586135007.3696039
*************************************************
Publish Info: countries  
Publish: China
Time: 1586135008.3713083
*************************************************
Publish Info: countries  
Publish: Colombia
Time: 1586135009.3736646
*************************************************
Publish Info: countries  
Publish: Comoros
Time: 1586135010.3752687
*************************************************
Publish Info: animals  
Publish: Aardvark
Time: 1586135011.3774736
*************************************************
Publish Info: animals  
Publish: Abyssinian
Time: 1586135012.3789384
*************************************************
Publish Info: animals  
Publish: Adelie Penguin
Time: 1586135013.3797746
*************************************************
Publish Info: animals  
Publish: Affenpinscher
Time: 1586135014.3830593
*************************************************
Publish Info: animals  
Publish: Afghan Hound
Time: 1586135015.3845356
*************************************************
Publish Info: animals  
Publish: American Bulldog
Time: 1586135016.3867397
*************************************************
Publish Info: animals  
Publish: American Cocker Spaniel
Time: 1586135017.388086
*************************************************
Publish Info: animals  
Publish: American Coonhound
Time: 1586135018.3884826
*************************************************
Publish Info: animals  
Publish: American Eskimo Dog
Time: 1586135019.389448
*************************************************
Publish Info: animals  
Publish: American Foxhound
Time: 1586135020.3909407
*************************************************
Publish Info: animals  
Publish: American Pit Bull Terrier
Time: 1586135021.3943355
*************************************************
Publish Info: animals  
Publish: American Staffordshire Terrier
Time: 1586135022.3950355
*************************************************
Publish Info: animals  
Publish: American Water Spaniel
Time: 1586135023.3986304
*************************************************
Publish Info: animals  
Publish: Anatolian Shepherd Dog
Time: 1586135024.4001172
*************************************************
Publish Info: animals  
Publish: Angelfish
Time: 1586135025.4021478
*************************************************
Publish Info: animals  
Publish: Ant
Time: 1586135026.4044154
*************************************************
Publish Info: animals  
Publish: Anteater
Time: 1586135027.406661
*************************************************
Publish Info: animals  
Publish: Antelope
Time: 1586135028.408066
*************************************************
Publish Info: animals  
Publish: Appenzeller Dog
Time: 1586135029.4095514
*************************************************
Publish Info: animals  
Publish: Arctic Fox
Time: 1586135030.4118745
*************************************************
Publish Info: animals  
Publish: 
Time: 1586135031.4133706
*************************************************
Publish Info: countries  
Publish: Antigua 
Time: 1586135597.576625
*************************************************
Publish Info: countries  
Publish: Argentina
Time: 1586135607.9658706
*************************************************
Publish Info: countries  
Publish: Armenia
Time: 1586135608.968236
*************************************************
Publish Info: countries  
Publish: Aruba
Time: 1586135609.970579
*************************************************
Publish Info: countries  
Publish: Belize
Time: 1586135610.9720464
*************************************************
Publish Info: countries  
Publish: Benin
Time: 1586135611.9742236
*************************************************
Publish Info: countries  
Publish: Bhutan
Time: 1586135612.9766152
*************************************************
Publish Info: countries  
Publish: Bolivia
Time: 1586135613.9779987
*************************************************
Publish Info: countries  
Publish: Bosnia
Time: 1586135614.9793224
*************************************************
Publish Info: countries  
Publish: Botswana
Time: 1586135615.982657
*************************************************
Publish Info: countries  
Publish: Chad
Time: 1586135616.9840875
*************************************************
Publish Info: countries  
Publish: Chile
Time: 1586135617.9864519
*************************************************
Publish Info: countries  
Publish: China
Time: 1586135618.988764
*************************************************
Publish Info: countries  
Publish: Colombia
Time: 1586135619.9905767
*************************************************
Publish Info: countries  
Publish: Comoros
Time: 1586135620.9938807
*************************************************
Publish Info: animals  
Publish: Aardvark
Time: 1586135621.9968503
*************************************************
Publish Info: animals  
Publish: Abyssinian
Time: 1586135623.000152
*************************************************
Publish Info: animals  
Publish: Adelie Penguin
Time: 1586135624.0024812
*************************************************
Publish Info: animals  
Publish: Affenpinscher
Time: 1586135625.004823
*************************************************
Publish Info: animals  
Publish: Afghan Hound
Time: 1586135626.0073354
*************************************************
Publish Info: animals  
Publish: American Bulldog
Time: 1586135627.009594
*************************************************
Publish Info: animals  
Publish: American Cocker Spaniel
Time: 1586135628.0128603
*************************************************
Publish Info: animals  
Publish: American Coonhound
Time: 1586135629.015217
*************************************************
Publish Info: animals  
Publish: American Eskimo Dog
Time: 1586135630.017464
*************************************************
Publish Info: animals  
Publish: American Foxhound
Time: 1586135631.0209184
*************************************************
Publish Info: animals  
Publish: American Pit Bull Terrier
Time: 1586135632.0237215
*************************************************
Publish Info: animals  
Publish: American Staffordshire Terrier
Time: 1586135633.0270503
*************************************************
Publish Info: animals  
Publish: American Water Spaniel
Time: 1586135634.0294452
*************************************************
Publish Info: animals  
Publish: Anatolian Shepherd Dog
Time: 1586135635.0318794
*************************************************
Publish Info: animals  
Publish: Angelfish
Time: 1586135636.0349534
*************************************************
Publish Info: animals  
Publish: Ant
Time: 1586135637.0366778
*************************************************
Publish Info: animals  
Publish: Anteater
Time: 1586135638.0389938
*************************************************
Publish Info: animals  
Publish: Antelope
Time: 1586135639.0403836
*************************************************
Publish Info: animals  
Publish: Appenzeller Dog
Time: 1586135640.0426748
*************************************************
Publish Info: animals  
Publish: Arctic Fox
Time: 1586135641.045344
*************************************************
Publish Info: animals  
Publish: 
Time: 1586135642.0484421
