*************************************************
Publish Info: countries  
Publish: Antigua 
Time: 1585717397.4130998
*************************************************
Publish Info: countries  
Publish: Argentina
Time: 1585717471.7889547
*************************************************
Publish Info: countries  
Publish: Armenia
Time: 1585717472.790898
*************************************************
Publish Info: countries  
Publish: Aruba
Time: 1585717473.7927284
*************************************************
Publish Info: countries  
Publish: Belize
Time: 1585717474.7985523
*************************************************
Publish Info: countries  
Publish: Benin
Time: 1585717475.8044837
*************************************************
Publish Info: countries  
Publish: Bhutan
Time: 1585717476.8085704
*************************************************
Publish Info: countries  
Publish: Bolivia
Time: 1585717477.8115275
*************************************************
Publish Info: countries  
Publish: Bosnia
Time: 1585717478.8190384
*************************************************
Publish Info: countries  
Publish: Botswana
Time: 1585717479.8205814
*************************************************
Publish Info: countries  
Publish: Chad
Time: 1585717480.8258095
*************************************************
Publish Info: countries  
Publish: Chile
Time: 1585717481.8282053
*************************************************
Publish Info: countries  
Publish: China
Time: 1585717482.8301284
*************************************************
Publish Info: countries  
Publish: Colombia
Time: 1585717483.8382666
*************************************************
Publish Info: countries  
Publish: Comoros
Time: 1585717484.8400047
*************************************************
Publish Info: animals  
Publish: Aardvark
Time: 1585717485.8414383
*************************************************
Publish Info: animals  
Publish: Abyssinian
Time: 1585717486.8481078
*************************************************
Publish Info: animals  
Publish: Adelie Penguin
Time: 1585717487.8505752
*************************************************
Publish Info: animals  
Publish: Affenpinscher
Time: 1585717488.8525653
*************************************************
Publish Info: animals  
Publish: Afghan Hound
Time: 1585717489.8552115
*************************************************
Publish Info: animals  
Publish: American Bulldog
Time: 1585717490.856486
*************************************************
Publish Info: animals  
Publish: American Cocker Spaniel
Time: 1585717491.8632326
*************************************************
Publish Info: animals  
Publish: American Coonhound
Time: 1585717492.8683019
*************************************************
Publish Info: animals  
Publish: American Eskimo Dog
Time: 1585717493.869978
*************************************************
Publish Info: animals  
Publish: American Foxhound
Time: 1585717494.8731837
*************************************************
Publish Info: animals  
Publish: American Pit Bull Terrier
Time: 1585717495.8787713
*************************************************
Publish Info: animals  
Publish: American Staffordshire Terrier
Time: 1585717496.882043
*************************************************
Publish Info: animals  
Publish: American Water Spaniel
Time: 1585717497.8839502
*************************************************
Publish Info: animals  
Publish: Anatolian Shepherd Dog
Time: 1585717498.8869863
*************************************************
Publish Info: animals  
Publish: Angelfish
Time: 1585717499.892167
*************************************************
Publish Info: animals  
Publish: Ant
Time: 1585717500.8941934
*************************************************
Publish Info: animals  
Publish: Anteater
Time: 1585717501.8976228
*************************************************
Publish Info: animals  
Publish: Antelope
Time: 1585717502.8992686
*************************************************
Publish Info: animals  
Publish: Appenzeller Dog
Time: 1585717503.9015043
*************************************************
Publish Info: animals  
Publish: Arctic Fox
Time: 1585717504.9043088
*************************************************
Publish Info: animals  
Publish: 
Time: 1585717505.9061298
*************************************************
Publish Info: countries  
Publish: Antigua 
Time: 1586135788.1081784
*************************************************
Publish Info: countries  
Publish: Argentina
Time: 1586135799.4277935
*************************************************
Publish Info: countries  
Publish: Armenia
Time: 1586135800.4312305
*************************************************
Publish Info: countries  
Publish: Aruba
Time: 1586135801.4335353
*************************************************
Publish Info: countries  
Publish: Belize
Time: 1586135802.437767
*************************************************
Publish Info: countries  
Publish: Benin
Time: 1586135803.4403088
*************************************************
Publish Info: countries  
Publish: Bhutan
Time: 1586135804.4427102
*************************************************
Publish Info: countries  
Publish: Bolivia
Time: 1586135805.445857
*************************************************
Publish Info: countries  
Publish: Bosnia
Time: 1586135806.4482691
*************************************************
Publish Info: countries  
Publish: Botswana
Time: 1586135807.450485
*************************************************
Publish Info: countries  
Publish: Chad
Time: 1586135808.453001
*************************************************
Publish Info: countries  
Publish: Chile
Time: 1586135809.4557335
*************************************************
Publish Info: countries  
Publish: China
Time: 1586135810.458541
*************************************************
Publish Info: countries  
Publish: Colombia
Time: 1586135811.4618394
*************************************************
Publish Info: countries  
Publish: Comoros
Time: 1586135812.4641902
*************************************************
Publish Info: animals  
Publish: Aardvark
Time: 1586135813.4665892
*************************************************
Publish Info: animals  
Publish: Abyssinian
Time: 1586135814.4689476
*************************************************
Publish Info: animals  
Publish: Adelie Penguin
Time: 1586135815.4712994
*************************************************
Publish Info: animals  
Publish: Affenpinscher
Time: 1586135816.472627
*************************************************
Publish Info: animals  
Publish: Afghan Hound
Time: 1586135817.4750125
*************************************************
Publish Info: animals  
Publish: American Bulldog
Time: 1586135818.4780724
*************************************************
Publish Info: animals  
Publish: American Cocker Spaniel
Time: 1586135819.4807336
*************************************************
Publish Info: animals  
Publish: American Coonhound
Time: 1586135820.481628
*************************************************
Publish Info: animals  
Publish: American Eskimo Dog
Time: 1586135821.484324
*************************************************
Publish Info: animals  
Publish: American Foxhound
Time: 1586135822.4867435
*************************************************
Publish Info: animals  
Publish: American Pit Bull Terrier
Time: 1586135823.4881535
*************************************************
Publish Info: animals  
Publish: American Staffordshire Terrier
Time: 1586135824.4897912
*************************************************
Publish Info: animals  
Publish: American Water Spaniel
Time: 1586135825.4909465
*************************************************
Publish Info: animals  
Publish: Anatolian Shepherd Dog
Time: 1586135826.4929113
*************************************************
Publish Info: animals  
Publish: Angelfish
Time: 1586135827.499571
*************************************************
Publish Info: animals  
Publish: Ant
Time: 1586135828.5010703
*************************************************
Publish Info: animals  
Publish: Anteater
Time: 1586135829.5111275
*************************************************
Publish Info: animals  
Publish: Antelope
Time: 1586135830.5124383
*************************************************
Publish Info: animals  
Publish: Appenzeller Dog
Time: 1586135831.5334585
*************************************************
Publish Info: animals  
Publish: Arctic Fox
Time: 1586135832.5446491
*************************************************
Publish Info: animals  
Publish: 
Time: 1586135833.546916
