*************************************************
Publish Info: countries  
Publish: Antigua 
Time: 1585711761.490896
*************************************************
Publish Info: countries  
Publish: Argentina
Time: 1585711780.657019
*************************************************
Publish Info: countries  
Publish: Armenia
Time: 1585711781.6603673
*************************************************
Publish Info: countries  
Publish: Aruba
Time: 1585711782.66274
*************************************************
Publish Info: countries  
Publish: Belize
Time: 1585711783.6669898
*************************************************
Publish Info: countries  
Publish: Benin
Time: 1585711784.669844
*************************************************
Publish Info: countries  
Publish: Bhutan
Time: 1585711785.6724923
*************************************************
Publish Info: countries  
Publish: Bolivia
Time: 1585711786.6743832
*************************************************
Publish Info: countries  
Publish: Bosnia
Time: 1585711787.6773288
*************************************************
Publish Info: countries  
Publish: Botswana
Time: 1585711788.679297
*************************************************
Publish Info: countries  
Publish: Chad
Time: 1585711789.6852415
*************************************************
Publish Info: countries  
Publish: Chile
Time: 1585711790.6918004
*************************************************
Publish Info: countries  
Publish: China
Time: 1585711791.6968377
*************************************************
Publish Info: countries  
Publish: Colombia
Time: 1585711792.6979973
*************************************************
Publish Info: countries  
Publish: Comoros
Time: 1585711793.7012815
*************************************************
Publish Info: animals  
Publish: Aardvark
Time: 1585711794.7043955
*************************************************
Publish Info: animals  
Publish: Abyssinian
Time: 1585711795.706176
*************************************************
Publish Info: animals  
Publish: Adelie Penguin
Time: 1585711796.708821
*************************************************
Publish Info: animals  
Publish: Affenpinscher
Time: 1585711797.714065
*************************************************
Publish Info: animals  
Publish: Afghan Hound
Time: 1585711798.7170038
*************************************************
Publish Info: animals  
Publish: American Bulldog
Time: 1585711799.7231908
*************************************************
Publish Info: animals  
Publish: American Cocker Spaniel
Time: 1585711800.7262733
*************************************************
Publish Info: animals  
Publish: American Coonhound
Time: 1585711801.7278357
*************************************************
Publish Info: animals  
Publish: American Eskimo Dog
Time: 1585711802.7295787
*************************************************
Publish Info: animals  
Publish: American Foxhound
Time: 1585711803.7309437
*************************************************
Publish Info: animals  
Publish: American Pit Bull Terrier
Time: 1585711804.7330356
*************************************************
Publish Info: animals  
Publish: American Staffordshire Terrier
Time: 1585711805.7385237
*************************************************
Publish Info: animals  
Publish: American Water Spaniel
Time: 1585711806.7445369
*************************************************
Publish Info: animals  
Publish: Anatolian Shepherd Dog
Time: 1585711807.7473378
*************************************************
Publish Info: animals  
Publish: Angelfish
Time: 1585711808.7503626
*************************************************
Publish Info: animals  
Publish: Ant
Time: 1585711809.756049
*************************************************
Publish Info: animals  
Publish: Anteater
Time: 1585711810.7579112
*************************************************
Publish Info: animals  
Publish: Antelope
Time: 1585711811.759298
*************************************************
Publish Info: animals  
Publish: Appenzeller Dog
Time: 1585711812.7605073
*************************************************
Publish Info: animals  
Publish: Arctic Fox
Time: 1585711813.7628374
*************************************************
Publish Info: animals  
Publish: 
Time: 1585711814.7680333
*************************************************
Publish Info: countries  
Publish: Antigua 
Time: 1585718705.1005812
*************************************************
Publish Info: countries  
Publish: Argentina
Time: 1585718724.9636483
*************************************************
Publish Info: countries  
Publish: Armenia
Time: 1585718725.965905
*************************************************
Publish Info: countries  
Publish: Aruba
Time: 1585718726.967092
*************************************************
Publish Info: countries  
Publish: Belize
Time: 1585718727.96923
*************************************************
Publish Info: countries  
Publish: Benin
Time: 1585718728.9718797
*************************************************
Publish Info: countries  
Publish: Bhutan
Time: 1585718729.9739819
*************************************************
Publish Info: countries  
Publish: Bolivia
Time: 1585718730.9815028
*************************************************
Publish Info: countries  
Publish: Bosnia
Time: 1585718731.982995
*************************************************
Publish Info: countries  
Publish: Botswana
Time: 1585718732.985041
*************************************************
Publish Info: countries  
Publish: Chad
Time: 1585718733.9911125
*************************************************
Publish Info: countries  
Publish: Chile
Time: 1585718734.9937565
*************************************************
Publish Info: countries  
Publish: China
Time: 1585718735.9973764
*************************************************
Publish Info: countries  
Publish: Colombia
Time: 1585718736.999455
*************************************************
Publish Info: countries  
Publish: Comoros
Time: 1585718738.00204
*************************************************
Publish Info: animals  
Publish: Aardvark
Time: 1585718739.008213
*************************************************
Publish Info: animals  
Publish: Abyssinian
Time: 1585718740.0096483
*************************************************
Publish Info: animals  
Publish: Adelie Penguin
Time: 1585718741.0111406
*************************************************
Publish Info: animals  
Publish: Affenpinscher
Time: 1585718742.0129435
*************************************************
Publish Info: animals  
Publish: Afghan Hound
Time: 1585718743.0179799
*************************************************
Publish Info: animals  
Publish: American Bulldog
Time: 1585718744.0234368
*************************************************
Publish Info: animals  
Publish: American Cocker Spaniel
Time: 1585718745.025193
*************************************************
Publish Info: animals  
Publish: American Coonhound
Time: 1585718746.033297
*************************************************
Publish Info: animals  
Publish: American Eskimo Dog
Time: 1585718747.036473
*************************************************
Publish Info: animals  
Publish: American Foxhound
Time: 1585718748.0376344
*************************************************
Publish Info: animals  
Publish: American Pit Bull Terrier
Time: 1585718749.0473845
*************************************************
Publish Info: animals  
Publish: American Staffordshire Terrier
Time: 1585718750.0487478
*************************************************
Publish Info: animals  
Publish: American Water Spaniel
Time: 1585718751.050603
*************************************************
Publish Info: animals  
Publish: Anatolian Shepherd Dog
Time: 1585718752.0523195
*************************************************
Publish Info: animals  
Publish: Angelfish
Time: 1585718753.0540893
*************************************************
Publish Info: animals  
Publish: Ant
Time: 1585718754.0590641
*************************************************
Publish Info: animals  
Publish: Anteater
Time: 1585718755.0612247
*************************************************
Publish Info: animals  
Publish: Antelope
Time: 1585718756.0633223
*************************************************
Publish Info: animals  
Publish: Appenzeller Dog
Time: 1585718757.0641782
*************************************************
Publish Info: animals  
Publish: Arctic Fox
Time: 1585718758.0664008
*************************************************
Publish Info: animals  
Publish: 
Time: 1585718759.069429
