Init Broker succeed 
PUB-Init msg: 5 init with topic countries
PUB-Init msg: 5 init with topic animals
PUB-Init msg: 5 init with topic countries
PUB-Init msg: 5 init with topic animals
Pub No.5 published Antigua  with topic countries
Reply to SUB 7  with topic countries and topic animals 
Pub No.5 published Argentina with topic countries
Reply to SUB 7  with topic countries and topic animals 
Pub No.5 published Armenia with topic countries
Reply to SUB 7  with topic countries and topic animals 
Pub No.5 published Aruba with topic countries
Reply to SUB 7  with topic countries and topic animals 
Pub No.5 published Belize with topic countries
Reply to SUB 7  with topic countries and topic animals 
Pub No.5 published Benin with topic countries
Reply to SUB 7  with topic countries and topic animals 
Pub No.5 published Bhutan with topic countries
Reply to SUB 7  with topic countries and topic animals 
Pub No.5 published Bolivia with topic countries
Reply to SUB 7  with topic countries and topic animals 
Pub No.5 published Bosnia with topic countries
Reply to SUB 7  with topic countries and topic animals 
Pub No.5 published Botswana with topic countries
Reply to SUB 7  with topic countries and topic animals 
Pub No.5 published Chad with topic countries
Reply to SUB 7  with topic countries and topic animals 
Pub No.5 published Chile with topic countries
Reply to SUB 7  with topic countries and topic animals 
Pub No.5 published China with topic countries
Reply to SUB 7  with topic countries and topic animals 
Pub No.5 published Colombia with topic countries
Reply to SUB 7  with topic countries and topic animals 
Pub No.5 published Comoros with topic countries
Reply to SUB 7  with topic countries and topic animals 
Pub No.5 published Aardvark with topic animals
Reply to SUB 7  with topic countries and topic animals 
Pub No.5 published Abyssinian with topic animals
Reply to SUB 7  with topic countries and topic animals 
Pub No.5 published Adelie Penguin with topic animals
Reply to SUB 7  with topic countries and topic animals 
Pub No.5 published Affenpinscher with topic animals
Reply to SUB 7  with topic countries and topic animals 
Pub No.5 published Afghan Hound with topic animals
Reply to SUB 7  with topic countries and topic animals 
Pub No.5 published American Bulldog with topic animals
Reply to SUB 7  with topic countries and topic animals 
Pub No.5 published American Cocker Spaniel with topic animals
Reply to SUB 7  with topic countries and topic animals 
Pub No.5 published American Coonhound with topic animals
Reply to SUB 7  with topic countries and topic animals 
Pub No.5 published American Eskimo Dog with topic animals
Reply to SUB 7  with topic countries and topic animals 
Pub No.5 published American Foxhound with topic animals
Reply to SUB 7  with topic countries and topic animals 
Pub No.5 published American Pit Bull Terrier with topic animals
Reply to SUB 7  with topic countries and topic animals 
Pub No.5 published American Staffordshire Terrier with topic animals
Reply to SUB 7  with topic countries and topic animals 
Pub No.5 published American Water Spaniel with topic animals
Reply to SUB 7  with topic countries and topic animals 
Pub No.5 published Anatolian Shepherd Dog with topic animals
Reply to SUB 7  with topic countries and topic animals 
Pub No.5 published Angelfish with topic animals
Reply to SUB 7  with topic countries and topic animals 
Pub No.5 published Ant with topic animals
Reply to SUB 7  with topic countries and topic animals 
Pub No.5 published Anteater with topic animals
Reply to SUB 7  with topic countries and topic animals 
Pub No.5 published Antelope with topic animals
Reply to SUB 7  with topic countries and topic animals 
Pub No.5 published Appenzeller Dog with topic animals
Reply to SUB 7  with topic countries and topic animals 
Pub No.5 published Arctic Fox with topic animals
Reply to SUB 7  with topic countries and topic animals 
Pub No.5 published  with topic animals
Reply to SUB 7  with topic countries and topic animals 
Reply to SUB 7  with topic countries and topic animals 
Reply to SUB 7  with topic countries and topic animals 
Reply to SUB 7  with topic countries and topic animals 
Reply to SUB 7  with topic countries and topic animals 
